c:\users\windo\source\repos\wentao-love\webexe_exe_source\txcloudroom\build\immediate\debug\txcloudroom\vc140.pdb
c:\users\windo\source\repos\wentao-love\webexe_exe_source\txcloudroom\build\immediate\debug\txcloudroom\rtcdemo.obj
c:\users\windo\source\repos\wentao-love\webexe_exe_source\txcloudroom\build\immediate\debug\txcloudroom\multivideopanel.obj
c:\users\windo\source\repos\wentao-love\webexe_exe_source\txcloudroom\build\immediate\debug\txcloudroom\doublevideopanel.obj
c:\users\windo\source\repos\wentao-love\webexe_exe_source\txcloudroom\build\immediate\debug\txcloudroom\txshareframemgr.obj
c:\users\windo\source\repos\wentao-love\webexe_exe_source\txcloudroom\build\immediate\debug\txcloudroom\txshareframechoose.obj
c:\users\windo\source\repos\wentao-love\webexe_exe_source\txcloudroom\build\immediate\debug\txcloudroom\txcloudrecordcmd.obj
c:\users\windo\source\repos\wentao-love\webexe_exe_source\txcloudroom\build\immediate\debug\txcloudroom\taskqueue.obj
c:\users\windo\source\repos\wentao-love\webexe_exe_source\txcloudroom\build\immediate\debug\txcloudroom\timmanager.obj
c:\users\windo\source\repos\wentao-love\webexe_exe_source\txcloudroom\build\immediate\debug\txcloudroom\imagedownloader.obj
c:\users\windo\source\repos\wentao-love\webexe_exe_source\txcloudroom\build\immediate\debug\txcloudroom\datareport.obj
c:\users\windo\source\repos\wentao-love\webexe_exe_source\txcloudroom\build\immediate\debug\txcloudroom\cosinfo.obj
c:\users\windo\source\repos\wentao-love\webexe_exe_source\txcloudroom\build\immediate\debug\txcloudroom\capturescreen.obj
c:\users\windo\source\repos\wentao-love\webexe_exe_source\txcloudroom\build\immediate\debug\txcloudroom\boardservice.obj
c:\users\windo\source\repos\wentao-love\webexe_exe_source\txcloudroom\build\immediate\debug\txcloudroom\log.obj
c:\users\windo\source\repos\wentao-love\webexe_exe_source\txcloudroom\build\immediate\debug\txcloudroom\httpserver.obj
c:\users\windo\source\repos\wentao-love\webexe_exe_source\txcloudroom\build\immediate\debug\txcloudroom\httpreportrequest.obj
c:\users\windo\source\repos\wentao-love\webexe_exe_source\txcloudroom\build\immediate\debug\txcloudroom\httpclient.obj
c:\users\windo\source\repos\wentao-love\webexe_exe_source\txcloudroom\build\immediate\debug\txcloudroom\crashdump.obj
c:\users\windo\source\repos\wentao-love\webexe_exe_source\txcloudroom\build\immediate\debug\txcloudroom\activexutil.obj
c:\users\windo\source\repos\wentao-love\webexe_exe_source\txcloudroom\build\immediate\debug\txcloudroom\application.obj
c:\users\windo\source\repos\wentao-love\webexe_exe_source\txcloudroom\build\immediate\debug\txcloudroom\moc_impanel.obj
c:\users\windo\source\repos\wentao-love\webexe_exe_source\txcloudroom\build\immediate\debug\txcloudroom\moc_imitemview.obj
c:\users\windo\source\repos\wentao-love\webexe_exe_source\txcloudroom\build\immediate\debug\txcloudroom\moc_imagedownloader.obj
c:\users\windo\source\repos\wentao-love\webexe_exe_source\txcloudroom\build\immediate\debug\txcloudroom\moc_getpushurlinfo.obj
c:\users\windo\source\repos\wentao-love\webexe_exe_source\txcloudroom\build\immediate\debug\txcloudroom\moc_gdiwidget.obj
c:\users\windo\source\repos\wentao-love\webexe_exe_source\txcloudroom\build\immediate\debug\txcloudroom\moc_doublevideopanel.obj
c:\users\windo\source\repos\wentao-love\webexe_exe_source\txcloudroom\build\immediate\debug\txcloudroom\moc_dialogpushplay.obj
c:\users\windo\source\repos\wentao-love\webexe_exe_source\txcloudroom\build\immediate\debug\txcloudroom\moc_dialogmessage.obj
c:\users\windo\source\repos\wentao-love\webexe_exe_source\txcloudroom\build\immediate\debug\txcloudroom\moc_devicemanage.obj
c:\users\windo\source\repos\wentao-love\webexe_exe_source\txcloudroom\build\immediate\debug\txcloudroom\moc_customtextedit.obj
c:\users\windo\source\repos\wentao-love\webexe_exe_source\txcloudroom\build\immediate\debug\txcloudroom\moc_capturescreen.obj
c:\users\windo\source\repos\wentao-love\webexe_exe_source\txcloudroom\build\immediate\debug\txcloudroom\moc_beautymanage.obj
c:\users\windo\source\repos\wentao-love\webexe_exe_source\txcloudroom\build\immediate\debug\txcloudroom\moc_application.obj
c:\users\windo\source\repos\wentao-love\webexe_exe_source\txcloudroom\build\immediate\debug\txcloudroom\livevideowidget.obj
c:\users\windo\source\repos\wentao-love\webexe_exe_source\txcloudroom\build\immediate\debug\txcloudroom\livevideopanel.obj
c:\users\windo\source\repos\wentao-love\webexe_exe_source\txcloudroom\build\immediate\debug\txcloudroom\livesharevideo.obj
c:\users\windo\source\repos\wentao-love\webexe_exe_source\txcloudroom\build\immediate\debug\txcloudroom\livedemo.obj
c:\users\windo\source\repos\wentao-love\webexe_exe_source\txcloudroom\build\immediate\debug\txcloudroom\dialogpushplay.obj
c:\users\windo\source\repos\wentao-love\webexe_exe_source\txcloudroom\build\immediate\debug\txcloudroom\rtcvideowidget.obj
c:\users\windo\source\repos\wentao-love\webexe_exe_source\txcloudroom\build\immediate\debug\txcloudroom\rtcsharevideo.obj
c:\users\windo\source\repos\wentao-love\webexe_exe_source\txcloudroom\build\immediate\debug\txcloudroom\moc_whiteboard.obj
c:\users\windo\source\repos\wentao-love\webexe_exe_source\txcloudroom\build\immediate\debug\txcloudroom\moc_txshareframemgr.obj
c:\users\windo\source\repos\wentao-love\webexe_exe_source\txcloudroom\build\immediate\debug\txcloudroom\moc_txshareframechoose.obj
c:\users\windo\source\repos\wentao-love\webexe_exe_source\txcloudroom\build\immediate\debug\txcloudroom\moc_rtcvideowidget.obj
c:\users\windo\source\repos\wentao-love\webexe_exe_source\txcloudroom\build\immediate\debug\txcloudroom\moc_rtcsharevideo.obj
c:\users\windo\source\repos\wentao-love\webexe_exe_source\txcloudroom\build\immediate\debug\txcloudroom\moc_rtcdemo.obj
c:\users\windo\source\repos\wentao-love\webexe_exe_source\txcloudroom\build\immediate\debug\txcloudroom\moc_qwidgettoast.obj
c:\users\windo\source\repos\wentao-love\webexe_exe_source\txcloudroom\build\immediate\debug\txcloudroom\moc_qprogressindicator.obj
c:\users\windo\source\repos\wentao-love\webexe_exe_source\txcloudroom\build\immediate\debug\txcloudroom\moc_qdialogprogress.obj
c:\users\windo\source\repos\wentao-love\webexe_exe_source\txcloudroom\build\immediate\debug\txcloudroom\moc_pushplaydemo.obj
c:\users\windo\source\repos\wentao-love\webexe_exe_source\txcloudroom\build\immediate\debug\txcloudroom\moc_ppthistoryitemview.obj
c:\users\windo\source\repos\wentao-love\webexe_exe_source\txcloudroom\build\immediate\debug\txcloudroom\moc_ppthistory.obj
c:\users\windo\source\repos\wentao-love\webexe_exe_source\txcloudroom\build\immediate\debug\txcloudroom\moc_multivideopanel.obj
c:\users\windo\source\repos\wentao-love\webexe_exe_source\txcloudroom\build\immediate\debug\txcloudroom\moc_memberpanel.obj
c:\users\windo\source\repos\wentao-love\webexe_exe_source\txcloudroom\build\immediate\debug\txcloudroom\moc_memberitemview.obj
c:\users\windo\source\repos\wentao-love\webexe_exe_source\txcloudroom\build\immediate\debug\txcloudroom\moc_livevideowidget.obj
c:\users\windo\source\repos\wentao-love\webexe_exe_source\txcloudroom\build\immediate\debug\txcloudroom\moc_livevideopanel.obj
c:\users\windo\source\repos\wentao-love\webexe_exe_source\txcloudroom\build\immediate\debug\txcloudroom\moc_livesharevideo.obj
c:\users\windo\source\repos\wentao-love\webexe_exe_source\txcloudroom\build\immediate\debug\txcloudroom\moc_livedemo.obj
c:\users\windo\source\repos\wentao-love\webexe_exe_source\txcloudroom\build\immediate\debug\txcloudroom\moc_invitepanel.obj
c:\users\windo\source\repos\wentao-love\webexe_exe_source\txcloudroom\build\immediate\debug\txcloudroom\impanel.obj
c:\users\windo\source\repos\wentao-love\webexe_exe_source\txcloudroom\build\immediate\debug\txcloudroom\imitemview.obj
c:\users\windo\source\repos\wentao-love\webexe_exe_source\txcloudroom\build\immediate\debug\txcloudroom\gdiwidget.obj
c:\users\windo\source\repos\wentao-love\webexe_exe_source\txcloudroom\build\immediate\debug\txcloudroom\dialogmessage.obj
c:\users\windo\source\repos\wentao-love\webexe_exe_source\txcloudroom\build\immediate\debug\txcloudroom\devicemanage.obj
c:\users\windo\source\repos\wentao-love\webexe_exe_source\txcloudroom\build\immediate\debug\txcloudroom\customtextedit.obj
c:\users\windo\source\repos\wentao-love\webexe_exe_source\txcloudroom\build\immediate\debug\txcloudroom\beautymanage.obj
c:\users\windo\source\repos\wentao-love\webexe_exe_source\txcloudroom\build\immediate\debug\txcloudroom\jsoncpp.obj
c:\users\windo\source\repos\wentao-love\webexe_exe_source\txcloudroom\build\immediate\debug\txcloudroom\gzip.obj
c:\users\windo\source\repos\wentao-love\webexe_exe_source\txcloudroom\build\immediate\debug\txcloudroom\rtcstreammixer.obj
c:\users\windo\source\repos\wentao-love\webexe_exe_source\txcloudroom\build\immediate\debug\txcloudroom\rtcroom.obj
c:\users\windo\source\repos\wentao-love\webexe_exe_source\txcloudroom\build\immediate\debug\txcloudroom\rtcrhttprequest.obj
c:\users\windo\source\repos\wentao-love\webexe_exe_source\txcloudroom\build\immediate\debug\txcloudroom\rtcrbussiness.obj
c:\users\windo\source\repos\wentao-love\webexe_exe_source\txcloudroom\build\immediate\debug\txcloudroom\lrstreammixer.obj
c:\users\windo\source\repos\wentao-love\webexe_exe_source\txcloudroom\build\immediate\debug\txcloudroom\lrhttprequest.obj
c:\users\windo\source\repos\wentao-love\webexe_exe_source\txcloudroom\build\immediate\debug\txcloudroom\lrbussiness.obj
c:\users\windo\source\repos\wentao-love\webexe_exe_source\txcloudroom\build\immediate\debug\txcloudroom\liveroom.obj
c:\users\windo\source\repos\wentao-love\webexe_exe_source\txcloudroom\build\immediate\debug\txcloudroom\pushplaydemo.obj
c:\users\windo\source\repos\wentao-love\webexe_exe_source\txcloudroom\build\immediate\debug\txcloudroom\getpushurlinfo.obj
c:\users\windo\source\repos\wentao-love\webexe_exe_source\txcloudroom\build\immediate\debug\txcloudroom\main.obj
c:\users\windo\source\repos\wentao-love\webexe_exe_source\txcloudroom\build\immediate\debug\txcloudroom\winwidget.obj
c:\users\windo\source\repos\wentao-love\webexe_exe_source\txcloudroom\build\immediate\debug\txcloudroom\whiteboard.obj
c:\users\windo\source\repos\wentao-love\webexe_exe_source\txcloudroom\build\immediate\debug\txcloudroom\qwidgettoast.obj
c:\users\windo\source\repos\wentao-love\webexe_exe_source\txcloudroom\build\immediate\debug\txcloudroom\qprogressindicator.obj
c:\users\windo\source\repos\wentao-love\webexe_exe_source\txcloudroom\build\immediate\debug\txcloudroom\qdialogprogress.obj
c:\users\windo\source\repos\wentao-love\webexe_exe_source\txcloudroom\build\immediate\debug\txcloudroom\ppthistoryitemview.obj
c:\users\windo\source\repos\wentao-love\webexe_exe_source\txcloudroom\build\immediate\debug\txcloudroom\ppthistory.obj
c:\users\windo\source\repos\wentao-love\webexe_exe_source\txcloudroom\build\immediate\debug\txcloudroom\memberpanel.obj
c:\users\windo\source\repos\wentao-love\webexe_exe_source\txcloudroom\build\immediate\debug\txcloudroom\memberitemview.obj
c:\users\windo\source\repos\wentao-love\webexe_exe_source\txcloudroom\build\immediate\debug\txcloudroom\invitepanel.obj
c:\users\windo\source\repos\wentao-love\webexe_exe_source\txcloudroom\build\immediate\debug\txcloudroom\qrc_whiteboard.obj
c:\users\windo\source\repos\wentao-love\webexe_exe_source\txcloudroom\build\immediate\debug\txcloudroom\qrc_roomservice.obj
c:\users\windo\source\repos\wentao-love\webexe_exe_source\txcloudroom\build\immediate\debug\txcloudroom\qrc_pushplaytest.obj
c:\users\windo\source\repos\wentao-love\webexe_exe_source\txcloudroom\generatedfiles\debug\moc_livesharevideo.cpp
c:\users\windo\source\repos\wentao-love\webexe_exe_source\txcloudroom\generatedfiles\debug\moc_ppthistoryitemview.cpp
c:\users\windo\source\repos\wentao-love\webexe_exe_source\txcloudroom\generatedfiles\debug\moc_ppthistory.cpp
c:\users\windo\source\repos\wentao-love\webexe_exe_source\txcloudroom\generatedfiles\debug\moc_beautymanage.cpp
c:\users\windo\source\repos\wentao-love\webexe_exe_source\txcloudroom\generatedfiles\debug\moc_whiteboard.cpp
c:\users\windo\source\repos\wentao-love\webexe_exe_source\txcloudroom\generatedfiles\debug\moc_qwidgettoast.cpp
c:\users\windo\source\repos\wentao-love\webexe_exe_source\txcloudroom\generatedfiles\debug\moc_qprogressindicator.cpp
c:\users\windo\source\repos\wentao-love\webexe_exe_source\txcloudroom\generatedfiles\debug\moc_qdialogprogress.cpp
c:\users\windo\source\repos\wentao-love\webexe_exe_source\txcloudroom\generatedfiles\debug\moc_memberpanel.cpp
c:\users\windo\source\repos\wentao-love\webexe_exe_source\txcloudroom\generatedfiles\debug\moc_memberitemview.cpp
c:\users\windo\source\repos\wentao-love\webexe_exe_source\txcloudroom\generatedfiles\debug\moc_invitepanel.cpp
c:\users\windo\source\repos\wentao-love\webexe_exe_source\txcloudroom\generatedfiles\debug\moc_impanel.cpp
c:\users\windo\source\repos\wentao-love\webexe_exe_source\txcloudroom\generatedfiles\debug\moc_imitemview.cpp
c:\users\windo\source\repos\wentao-love\webexe_exe_source\txcloudroom\generatedfiles\debug\moc_gdiwidget.cpp
c:\users\windo\source\repos\wentao-love\webexe_exe_source\txcloudroom\generatedfiles\debug\moc_dialogmessage.cpp
c:\users\windo\source\repos\wentao-love\webexe_exe_source\txcloudroom\generatedfiles\debug\moc_devicemanage.cpp
c:\users\windo\source\repos\wentao-love\webexe_exe_source\txcloudroom\generatedfiles\debug\moc_customtextedit.cpp
c:\users\windo\source\repos\wentao-love\webexe_exe_source\txcloudroom\generatedfiles\debug\moc_livedemo.cpp
c:\users\windo\source\repos\wentao-love\webexe_exe_source\txcloudroom\generatedfiles\debug\moc_pushplaydemo.cpp
c:\users\windo\source\repos\wentao-love\webexe_exe_source\txcloudroom\generatedfiles\debug\moc_application.cpp
c:\users\windo\source\repos\wentao-love\webexe_exe_source\txcloudroom\generatedfiles\debug\moc_livevideopanel.cpp
c:\users\windo\source\repos\wentao-love\webexe_exe_source\txcloudroom\generatedfiles\debug\moc_livevideowidget.cpp
c:\users\windo\source\repos\wentao-love\webexe_exe_source\txcloudroom\generatedfiles\debug\moc_dialogpushplay.cpp
c:\users\windo\source\repos\wentao-love\webexe_exe_source\txcloudroom\generatedfiles\debug\moc_doublevideopanel.cpp
c:\users\windo\source\repos\wentao-love\webexe_exe_source\txcloudroom\generatedfiles\debug\moc_multivideopanel.cpp
c:\users\windo\source\repos\wentao-love\webexe_exe_source\txcloudroom\generatedfiles\debug\moc_rtcdemo.cpp
c:\users\windo\source\repos\wentao-love\webexe_exe_source\txcloudroom\generatedfiles\debug\moc_rtcvideowidget.cpp
c:\users\windo\source\repos\wentao-love\webexe_exe_source\txcloudroom\generatedfiles\debug\moc_capturescreen.cpp
c:\users\windo\source\repos\wentao-love\webexe_exe_source\txcloudroom\generatedfiles\debug\moc_imagedownloader.cpp
c:\users\windo\source\repos\wentao-love\webexe_exe_source\txcloudroom\generatedfiles\debug\moc_txshareframechoose.cpp
c:\users\windo\source\repos\wentao-love\webexe_exe_source\txcloudroom\generatedfiles\debug\moc_txshareframemgr.cpp
c:\users\windo\source\repos\wentao-love\webexe_exe_source\txcloudroom\generatedfiles\debug\moc_rtcsharevideo.cpp
c:\users\windo\source\repos\wentao-love\webexe_exe_source\txcloudroom\generatedfiles\debug\moc_getpushurlinfo.cpp
c:\users\windo\source\repos\wentao-love\webexe_exe_source\txcloudroom\generatedfiles\qrc_whiteboard.cpp
c:\users\windo\source\repos\wentao-love\webexe_exe_source\txcloudroom\generatedfiles\qrc_roomservice.cpp
c:\users\windo\source\repos\wentao-love\webexe_exe_source\txcloudroom\generatedfiles\qrc_pushplaytest.cpp
c:\users\windo\source\repos\wentao-love\webexe_exe_source\txcloudroom\generatedfiles\ui_devicemanage.h
c:\users\windo\source\repos\wentao-love\webexe_exe_source\txcloudroom\generatedfiles\ui_dialogmessage.h
c:\users\windo\source\repos\wentao-love\webexe_exe_source\txcloudroom\generatedfiles\ui_imitemview.h
c:\users\windo\source\repos\wentao-love\webexe_exe_source\txcloudroom\generatedfiles\ui_impanel.h
c:\users\windo\source\repos\wentao-love\webexe_exe_source\txcloudroom\generatedfiles\ui_invitepanel.h
c:\users\windo\source\repos\wentao-love\webexe_exe_source\txcloudroom\generatedfiles\ui_mainpanel.h
c:\users\windo\source\repos\wentao-love\webexe_exe_source\txcloudroom\generatedfiles\ui_memberitemview.h
c:\users\windo\source\repos\wentao-love\webexe_exe_source\txcloudroom\generatedfiles\ui_memberpanel.h
c:\users\windo\source\repos\wentao-love\webexe_exe_source\txcloudroom\generatedfiles\ui_qdialogprogress.h
c:\users\windo\source\repos\wentao-love\webexe_exe_source\txcloudroom\generatedfiles\ui_roomdemo.h
c:\users\windo\source\repos\wentao-love\webexe_exe_source\txcloudroom\generatedfiles\ui_videowidget.h
c:\users\windo\source\repos\wentao-love\webexe_exe_source\txcloudroom\generatedfiles\ui_whiteboard.h
c:\users\windo\source\repos\wentao-love\webexe_exe_source\txcloudroom\generatedfiles\ui_pushplaydemo.h
c:\users\windo\source\repos\wentao-love\webexe_exe_source\txcloudroom\generatedfiles\ui_dialogpushplay.h
c:\users\windo\source\repos\wentao-love\webexe_exe_source\txcloudroom\generatedfiles\ui_beautymanage.h
c:\users\windo\source\repos\wentao-love\webexe_exe_source\txcloudroom\generatedfiles\ui_dialogsharevideo.h
c:\users\windo\source\repos\wentao-love\webexe_exe_source\txcloudroom\generatedfiles\ui_ppthistory.h
c:\users\windo\source\repos\wentao-love\webexe_exe_source\txcloudroom\generatedfiles\ui_ppthistoryitemview.h
c:\users\windo\source\repos\wentao-love\webexe_exe_source\txcloudroom\build\bin\debug\txcloudroom.ilk
c:\users\windo\source\repos\wentao-love\webexe_exe_source\txcloudroom\build\bin\debug\txcloudroom.exe
c:\users\windo\source\repos\wentao-love\webexe_exe_source\txcloudroom\build\bin\debug\txcloudroom.pdb
c:\users\windo\source\repos\wentao-love\webexe_exe_source\txcloudroom\build\immediate\debug\txcloudroom\resource.res
d:\git\webexe_exe_source\txcloudroom\build\immediate\debug\txcloudroom\activexutil.obj
d:\git\webexe_exe_source\txcloudroom\build\immediate\debug\txcloudroom\application.obj
d:\git\webexe_exe_source\txcloudroom\build\immediate\debug\txcloudroom\beautymanage.obj
d:\git\webexe_exe_source\txcloudroom\build\immediate\debug\txcloudroom\boardservice.obj
d:\git\webexe_exe_source\txcloudroom\build\immediate\debug\txcloudroom\capturescreen.obj
d:\git\webexe_exe_source\txcloudroom\build\immediate\debug\txcloudroom\cosinfo.obj
d:\git\webexe_exe_source\txcloudroom\build\immediate\debug\txcloudroom\crashdump.obj
d:\git\webexe_exe_source\txcloudroom\build\immediate\debug\txcloudroom\customtextedit.obj
d:\git\webexe_exe_source\txcloudroom\build\immediate\debug\txcloudroom\datareport.obj
d:\git\webexe_exe_source\txcloudroom\build\immediate\debug\txcloudroom\devicemanage.obj
d:\git\webexe_exe_source\txcloudroom\build\immediate\debug\txcloudroom\dialogmessage.obj
d:\git\webexe_exe_source\txcloudroom\build\immediate\debug\txcloudroom\dialogpushplay.obj
d:\git\webexe_exe_source\txcloudroom\build\immediate\debug\txcloudroom\doublevideopanel.obj
d:\git\webexe_exe_source\txcloudroom\build\immediate\debug\txcloudroom\gdiwidget.obj
d:\git\webexe_exe_source\txcloudroom\build\immediate\debug\txcloudroom\getpushurlinfo.obj
d:\git\webexe_exe_source\txcloudroom\build\immediate\debug\txcloudroom\gzip.obj
d:\git\webexe_exe_source\txcloudroom\build\immediate\debug\txcloudroom\httpclient.obj
d:\git\webexe_exe_source\txcloudroom\build\immediate\debug\txcloudroom\httpreportrequest.obj
d:\git\webexe_exe_source\txcloudroom\build\immediate\debug\txcloudroom\httpserver.obj
d:\git\webexe_exe_source\txcloudroom\build\immediate\debug\txcloudroom\imagedownloader.obj
d:\git\webexe_exe_source\txcloudroom\build\immediate\debug\txcloudroom\imitemview.obj
d:\git\webexe_exe_source\txcloudroom\build\immediate\debug\txcloudroom\impanel.obj
d:\git\webexe_exe_source\txcloudroom\build\immediate\debug\txcloudroom\invitepanel.obj
d:\git\webexe_exe_source\txcloudroom\build\immediate\debug\txcloudroom\jsoncpp.obj
d:\git\webexe_exe_source\txcloudroom\build\immediate\debug\txcloudroom\livedemo.obj
d:\git\webexe_exe_source\txcloudroom\build\immediate\debug\txcloudroom\liveroom.obj
d:\git\webexe_exe_source\txcloudroom\build\immediate\debug\txcloudroom\livesharevideo.obj
d:\git\webexe_exe_source\txcloudroom\build\immediate\debug\txcloudroom\livevideopanel.obj
d:\git\webexe_exe_source\txcloudroom\build\immediate\debug\txcloudroom\livevideowidget.obj
d:\git\webexe_exe_source\txcloudroom\build\immediate\debug\txcloudroom\log.obj
d:\git\webexe_exe_source\txcloudroom\build\immediate\debug\txcloudroom\lrbussiness.obj
d:\git\webexe_exe_source\txcloudroom\build\immediate\debug\txcloudroom\lrhttprequest.obj
d:\git\webexe_exe_source\txcloudroom\build\immediate\debug\txcloudroom\lrstreammixer.obj
d:\git\webexe_exe_source\txcloudroom\build\immediate\debug\txcloudroom\main.obj
d:\git\webexe_exe_source\txcloudroom\build\immediate\debug\txcloudroom\memberitemview.obj
d:\git\webexe_exe_source\txcloudroom\build\immediate\debug\txcloudroom\memberpanel.obj
d:\git\webexe_exe_source\txcloudroom\build\immediate\debug\txcloudroom\moc_application.obj
d:\git\webexe_exe_source\txcloudroom\build\immediate\debug\txcloudroom\moc_beautymanage.obj
d:\git\webexe_exe_source\txcloudroom\build\immediate\debug\txcloudroom\moc_capturescreen.obj
d:\git\webexe_exe_source\txcloudroom\build\immediate\debug\txcloudroom\moc_customtextedit.obj
d:\git\webexe_exe_source\txcloudroom\build\immediate\debug\txcloudroom\moc_devicemanage.obj
d:\git\webexe_exe_source\txcloudroom\build\immediate\debug\txcloudroom\moc_dialogmessage.obj
d:\git\webexe_exe_source\txcloudroom\build\immediate\debug\txcloudroom\moc_dialogpushplay.obj
d:\git\webexe_exe_source\txcloudroom\build\immediate\debug\txcloudroom\moc_doublevideopanel.obj
d:\git\webexe_exe_source\txcloudroom\build\immediate\debug\txcloudroom\moc_gdiwidget.obj
d:\git\webexe_exe_source\txcloudroom\build\immediate\debug\txcloudroom\moc_getpushurlinfo.obj
d:\git\webexe_exe_source\txcloudroom\build\immediate\debug\txcloudroom\moc_imagedownloader.obj
d:\git\webexe_exe_source\txcloudroom\build\immediate\debug\txcloudroom\moc_imitemview.obj
d:\git\webexe_exe_source\txcloudroom\build\immediate\debug\txcloudroom\moc_impanel.obj
d:\git\webexe_exe_source\txcloudroom\build\immediate\debug\txcloudroom\moc_invitepanel.obj
d:\git\webexe_exe_source\txcloudroom\build\immediate\debug\txcloudroom\moc_livedemo.obj
d:\git\webexe_exe_source\txcloudroom\build\immediate\debug\txcloudroom\moc_livesharevideo.obj
d:\git\webexe_exe_source\txcloudroom\build\immediate\debug\txcloudroom\moc_livevideopanel.obj
d:\git\webexe_exe_source\txcloudroom\build\immediate\debug\txcloudroom\moc_livevideowidget.obj
d:\git\webexe_exe_source\txcloudroom\build\immediate\debug\txcloudroom\moc_memberitemview.obj
d:\git\webexe_exe_source\txcloudroom\build\immediate\debug\txcloudroom\moc_memberpanel.obj
d:\git\webexe_exe_source\txcloudroom\build\immediate\debug\txcloudroom\moc_multivideopanel.obj
d:\git\webexe_exe_source\txcloudroom\build\immediate\debug\txcloudroom\moc_ppthistory.obj
d:\git\webexe_exe_source\txcloudroom\build\immediate\debug\txcloudroom\moc_ppthistoryitemview.obj
d:\git\webexe_exe_source\txcloudroom\build\immediate\debug\txcloudroom\moc_pushplaydemo.obj
d:\git\webexe_exe_source\txcloudroom\build\immediate\debug\txcloudroom\moc_qdialogprogress.obj
d:\git\webexe_exe_source\txcloudroom\build\immediate\debug\txcloudroom\moc_qprogressindicator.obj
d:\git\webexe_exe_source\txcloudroom\build\immediate\debug\txcloudroom\moc_qwidgettoast.obj
d:\git\webexe_exe_source\txcloudroom\build\immediate\debug\txcloudroom\moc_rtcdemo.obj
d:\git\webexe_exe_source\txcloudroom\build\immediate\debug\txcloudroom\moc_rtcsharevideo.obj
d:\git\webexe_exe_source\txcloudroom\build\immediate\debug\txcloudroom\moc_rtcvideowidget.obj
d:\git\webexe_exe_source\txcloudroom\build\immediate\debug\txcloudroom\moc_txshareframechoose.obj
d:\git\webexe_exe_source\txcloudroom\build\immediate\debug\txcloudroom\moc_txshareframemgr.obj
d:\git\webexe_exe_source\txcloudroom\build\immediate\debug\txcloudroom\moc_whiteboard.obj
d:\git\webexe_exe_source\txcloudroom\build\immediate\debug\txcloudroom\multivideopanel.obj
d:\git\webexe_exe_source\txcloudroom\build\immediate\debug\txcloudroom\ppthistory.obj
d:\git\webexe_exe_source\txcloudroom\build\immediate\debug\txcloudroom\ppthistoryitemview.obj
d:\git\webexe_exe_source\txcloudroom\build\immediate\debug\txcloudroom\pushplaydemo.obj
d:\git\webexe_exe_source\txcloudroom\build\immediate\debug\txcloudroom\qdialogprogress.obj
d:\git\webexe_exe_source\txcloudroom\build\immediate\debug\txcloudroom\qprogressindicator.obj
d:\git\webexe_exe_source\txcloudroom\build\immediate\debug\txcloudroom\qrc_pushplaytest.obj
d:\git\webexe_exe_source\txcloudroom\build\immediate\debug\txcloudroom\qrc_roomservice.obj
d:\git\webexe_exe_source\txcloudroom\build\immediate\debug\txcloudroom\qrc_whiteboard.obj
d:\git\webexe_exe_source\txcloudroom\build\immediate\debug\txcloudroom\qwidgettoast.obj
d:\git\webexe_exe_source\txcloudroom\build\immediate\debug\txcloudroom\rtcdemo.obj
d:\git\webexe_exe_source\txcloudroom\build\immediate\debug\txcloudroom\rtcrbussiness.obj
d:\git\webexe_exe_source\txcloudroom\build\immediate\debug\txcloudroom\rtcrhttprequest.obj
d:\git\webexe_exe_source\txcloudroom\build\immediate\debug\txcloudroom\rtcroom.obj
d:\git\webexe_exe_source\txcloudroom\build\immediate\debug\txcloudroom\rtcsharevideo.obj
d:\git\webexe_exe_source\txcloudroom\build\immediate\debug\txcloudroom\rtcstreammixer.obj
d:\git\webexe_exe_source\txcloudroom\build\immediate\debug\txcloudroom\rtcvideowidget.obj
d:\git\webexe_exe_source\txcloudroom\build\immediate\debug\txcloudroom\taskqueue.obj
d:\git\webexe_exe_source\txcloudroom\build\immediate\debug\txcloudroom\timmanager.obj
d:\git\webexe_exe_source\txcloudroom\build\immediate\debug\txcloudroom\txcloudrecordcmd.obj
d:\git\webexe_exe_source\txcloudroom\build\immediate\debug\txcloudroom\txshareframechoose.obj
d:\git\webexe_exe_source\txcloudroom\build\immediate\debug\txcloudroom\txshareframemgr.obj
d:\git\webexe_exe_source\txcloudroom\build\immediate\debug\txcloudroom\whiteboard.obj
d:\git\webexe_exe_source\txcloudroom\build\immediate\debug\txcloudroom\winwidget.obj
d:\git\webexe_exe_source\txcloudroom\build\immediate\debug\txcloudroom\resource.res
d:\git\webexe_exe_source\txcloudroom\build\immediate\debug\txcloudroom\vc140.pdb
d:\git\webexe_exe_source\txcloudroom\build\bin\debug\txcloudroom.pdb
d:\git\webexe_exe_source\txcloudroom\build\bin\debug\txcloudroom.exe
d:\git\webexe_exe_source\txcloudroom\build\bin\debug\txcloudroom.ilk
d:\git\webexe_exe_source\txcloudroom\build\immediate\debug\txcloudroom\txcloudroom.tlog\cl.command.1.tlog
d:\git\webexe_exe_source\txcloudroom\build\immediate\debug\txcloudroom\txcloudroom.tlog\cl.read.1.tlog
d:\git\webexe_exe_source\txcloudroom\build\immediate\debug\txcloudroom\txcloudroom.tlog\cl.write.1.tlog
d:\git\webexe_exe_source\txcloudroom\build\immediate\debug\txcloudroom\txcloudroom.tlog\custombuild.command.1.tlog
d:\git\webexe_exe_source\txcloudroom\build\immediate\debug\txcloudroom\txcloudroom.tlog\custombuild.read.1.tlog
d:\git\webexe_exe_source\txcloudroom\build\immediate\debug\txcloudroom\txcloudroom.tlog\custombuild.write.1.tlog
d:\git\webexe_exe_source\txcloudroom\build\immediate\debug\txcloudroom\txcloudroom.tlog\link.command.1.tlog
d:\git\webexe_exe_source\txcloudroom\build\immediate\debug\txcloudroom\txcloudroom.tlog\link.read.1.tlog
d:\git\webexe_exe_source\txcloudroom\build\immediate\debug\txcloudroom\txcloudroom.tlog\link.write.1.tlog
d:\git\webexe_exe_source\txcloudroom\build\immediate\debug\txcloudroom\txcloudroom.tlog\rc.command.1.tlog
d:\git\webexe_exe_source\txcloudroom\build\immediate\debug\txcloudroom\txcloudroom.tlog\rc.read.1.tlog
d:\git\webexe_exe_source\txcloudroom\build\immediate\debug\txcloudroom\txcloudroom.tlog\rc.write.1.tlog
