c:\users\windo\source\repos\wentao-love\webexe_exe_source\txcloudportal\build\immediate\debug\txcloudportal\vc140.pdb
c:\users\windo\source\repos\wentao-love\webexe_exe_source\txcloudportal\build\immediate\debug\txcloudportal\dialogmessage.obj
c:\users\windo\source\repos\wentao-love\webexe_exe_source\txcloudportal\build\immediate\debug\txcloudportal\createroom.obj
c:\users\windo\source\repos\wentao-love\webexe_exe_source\txcloudportal\build\immediate\debug\txcloudportal\jsoncpp.obj
c:\users\windo\source\repos\wentao-love\webexe_exe_source\txcloudportal\build\immediate\debug\txcloudportal\main.obj
c:\users\windo\source\repos\wentao-love\webexe_exe_source\txcloudportal\build\immediate\debug\txcloudportal\moc_rtcroomlist.obj
c:\users\windo\source\repos\wentao-love\webexe_exe_source\txcloudportal\build\immediate\debug\txcloudportal\moc_roomitemview.obj
c:\users\windo\source\repos\wentao-love\webexe_exe_source\txcloudportal\build\immediate\debug\txcloudportal\moc_maindialog.obj
c:\users\windo\source\repos\wentao-love\webexe_exe_source\txcloudportal\build\immediate\debug\txcloudportal\moc_liveroomlist.obj
c:\users\windo\source\repos\wentao-love\webexe_exe_source\txcloudportal\build\immediate\debug\txcloudportal\moc_dialogmessage.obj
c:\users\windo\source\repos\wentao-love\webexe_exe_source\txcloudportal\build\immediate\debug\txcloudportal\moc_cslivesetting.obj
c:\users\windo\source\repos\wentao-love\webexe_exe_source\txcloudportal\build\immediate\debug\txcloudportal\moc_createroom.obj
c:\users\windo\source\repos\wentao-love\webexe_exe_source\txcloudportal\build\immediate\debug\txcloudportal\liveroomlist.obj
c:\users\windo\source\repos\wentao-love\webexe_exe_source\txcloudportal\build\immediate\debug\txcloudportal\cslivesetting.obj
c:\users\windo\source\repos\wentao-love\webexe_exe_source\txcloudportal\build\immediate\debug\txcloudportal\rtcroomlist.obj
c:\users\windo\source\repos\wentao-love\webexe_exe_source\txcloudportal\build\immediate\debug\txcloudportal\taskqueue.obj
c:\users\windo\source\repos\wentao-love\webexe_exe_source\txcloudportal\build\immediate\debug\txcloudportal\log.obj
c:\users\windo\source\repos\wentao-love\webexe_exe_source\txcloudportal\build\immediate\debug\txcloudportal\httprequest.obj
c:\users\windo\source\repos\wentao-love\webexe_exe_source\txcloudportal\build\immediate\debug\txcloudportal\httpclient.obj
c:\users\windo\source\repos\wentao-love\webexe_exe_source\txcloudportal\build\immediate\debug\txcloudportal\crashdump.obj
c:\users\windo\source\repos\wentao-love\webexe_exe_source\txcloudportal\build\immediate\debug\txcloudportal\application.obj
c:\users\windo\source\repos\wentao-love\webexe_exe_source\txcloudportal\build\immediate\debug\txcloudportal\roomitemview.obj
c:\users\windo\source\repos\wentao-love\webexe_exe_source\txcloudportal\build\immediate\debug\txcloudportal\maindialog.obj
c:\users\windo\source\repos\wentao-love\webexe_exe_source\txcloudportal\build\immediate\debug\txcloudportal\qrc_porttal(qt).obj
c:\users\windo\source\repos\wentao-love\webexe_exe_source\txcloudportal\generatedfiles\debug\moc_maindialog.cpp
c:\users\windo\source\repos\wentao-love\webexe_exe_source\txcloudportal\generatedfiles\debug\moc_createroom.cpp
c:\users\windo\source\repos\wentao-love\webexe_exe_source\txcloudportal\generatedfiles\debug\moc_roomitemview.cpp
c:\users\windo\source\repos\wentao-love\webexe_exe_source\txcloudportal\generatedfiles\debug\moc_dialogmessage.cpp
c:\users\windo\source\repos\wentao-love\webexe_exe_source\txcloudportal\generatedfiles\debug\moc_liveroomlist.cpp
c:\users\windo\source\repos\wentao-love\webexe_exe_source\txcloudportal\generatedfiles\debug\moc_rtcroomlist.cpp
c:\users\windo\source\repos\wentao-love\webexe_exe_source\txcloudportal\generatedfiles\debug\moc_cslivesetting.cpp
c:\users\windo\source\repos\wentao-love\webexe_exe_source\txcloudportal\generatedfiles\qrc_porttal(qt).cpp
c:\users\windo\source\repos\wentao-love\webexe_exe_source\txcloudportal\generatedfiles\ui_liveroomlist.h
c:\users\windo\source\repos\wentao-love\webexe_exe_source\txcloudportal\generatedfiles\ui_rtcroomlist.h
c:\users\windo\source\repos\wentao-love\webexe_exe_source\txcloudportal\generatedfiles\ui_cslivesetting.h
c:\users\windo\source\repos\wentao-love\webexe_exe_source\txcloudportal\generatedfiles\ui_dialogmessage.h
c:\users\windo\source\repos\wentao-love\webexe_exe_source\txcloudportal\generatedfiles\ui_roomitemview.h
c:\users\windo\source\repos\wentao-love\webexe_exe_source\txcloudportal\generatedfiles\ui_createroom.h
c:\users\windo\source\repos\wentao-love\webexe_exe_source\txcloudportal\generatedfiles\ui_maindialog.h
c:\users\windo\source\repos\wentao-love\webexe_exe_source\txcloudportal\build\bin\debug\txcloudportal.ilk
c:\users\windo\source\repos\wentao-love\webexe_exe_source\txcloudportal\build\bin\debug\txcloudportal.exe
c:\users\windo\source\repos\wentao-love\webexe_exe_source\txcloudportal\build\bin\debug\txcloudportal.pdb
c:\users\windo\source\repos\wentao-love\webexe_exe_source\txcloudportal\build\immediate\debug\txcloudportal\resource.res
d:\git\webexe_exe_source\txcloudportal\build\immediate\debug\txcloudportal\application.obj
d:\git\webexe_exe_source\txcloudportal\build\immediate\debug\txcloudportal\crashdump.obj
d:\git\webexe_exe_source\txcloudportal\build\immediate\debug\txcloudportal\createroom.obj
d:\git\webexe_exe_source\txcloudportal\build\immediate\debug\txcloudportal\cslivesetting.obj
d:\git\webexe_exe_source\txcloudportal\build\immediate\debug\txcloudportal\dialogmessage.obj
d:\git\webexe_exe_source\txcloudportal\build\immediate\debug\txcloudportal\httpclient.obj
d:\git\webexe_exe_source\txcloudportal\build\immediate\debug\txcloudportal\httprequest.obj
d:\git\webexe_exe_source\txcloudportal\build\immediate\debug\txcloudportal\jsoncpp.obj
d:\git\webexe_exe_source\txcloudportal\build\immediate\debug\txcloudportal\liveroomlist.obj
d:\git\webexe_exe_source\txcloudportal\build\immediate\debug\txcloudportal\log.obj
d:\git\webexe_exe_source\txcloudportal\build\immediate\debug\txcloudportal\main.obj
d:\git\webexe_exe_source\txcloudportal\build\immediate\debug\txcloudportal\maindialog.obj
d:\git\webexe_exe_source\txcloudportal\build\immediate\debug\txcloudportal\moc_createroom.obj
d:\git\webexe_exe_source\txcloudportal\build\immediate\debug\txcloudportal\moc_cslivesetting.obj
d:\git\webexe_exe_source\txcloudportal\build\immediate\debug\txcloudportal\moc_dialogmessage.obj
d:\git\webexe_exe_source\txcloudportal\build\immediate\debug\txcloudportal\moc_liveroomlist.obj
d:\git\webexe_exe_source\txcloudportal\build\immediate\debug\txcloudportal\moc_maindialog.obj
d:\git\webexe_exe_source\txcloudportal\build\immediate\debug\txcloudportal\moc_roomitemview.obj
d:\git\webexe_exe_source\txcloudportal\build\immediate\debug\txcloudportal\moc_rtcroomlist.obj
d:\git\webexe_exe_source\txcloudportal\build\immediate\debug\txcloudportal\qrc_porttal(qt).obj
d:\git\webexe_exe_source\txcloudportal\build\immediate\debug\txcloudportal\roomitemview.obj
d:\git\webexe_exe_source\txcloudportal\build\immediate\debug\txcloudportal\rtcroomlist.obj
d:\git\webexe_exe_source\txcloudportal\build\immediate\debug\txcloudportal\taskqueue.obj
d:\git\webexe_exe_source\txcloudportal\build\immediate\debug\txcloudportal\resource.res
d:\git\webexe_exe_source\txcloudportal\build\immediate\debug\txcloudportal\vc140.pdb
d:\git\webexe_exe_source\txcloudportal\build\bin\debug\txcloudportal.pdb
d:\git\webexe_exe_source\txcloudportal\build\bin\debug\txcloudportal.exe
d:\git\webexe_exe_source\txcloudportal\build\bin\debug\txcloudportal.ilk
d:\git\webexe_exe_source\txcloudportal\build\immediate\debug\txcloudportal\txcloudportal.tlog\cl.command.1.tlog
d:\git\webexe_exe_source\txcloudportal\build\immediate\debug\txcloudportal\txcloudportal.tlog\cl.read.1.tlog
d:\git\webexe_exe_source\txcloudportal\build\immediate\debug\txcloudportal\txcloudportal.tlog\cl.write.1.tlog
d:\git\webexe_exe_source\txcloudportal\build\immediate\debug\txcloudportal\txcloudportal.tlog\custombuild.command.1.tlog
d:\git\webexe_exe_source\txcloudportal\build\immediate\debug\txcloudportal\txcloudportal.tlog\custombuild.read.1.tlog
d:\git\webexe_exe_source\txcloudportal\build\immediate\debug\txcloudportal\txcloudportal.tlog\custombuild.write.1.tlog
d:\git\webexe_exe_source\txcloudportal\build\immediate\debug\txcloudportal\txcloudportal.tlog\link.command.1.tlog
d:\git\webexe_exe_source\txcloudportal\build\immediate\debug\txcloudportal\txcloudportal.tlog\link.read.1.tlog
d:\git\webexe_exe_source\txcloudportal\build\immediate\debug\txcloudportal\txcloudportal.tlog\link.write.1.tlog
d:\git\webexe_exe_source\txcloudportal\build\immediate\debug\txcloudportal\txcloudportal.tlog\rc.command.1.tlog
d:\git\webexe_exe_source\txcloudportal\build\immediate\debug\txcloudportal\txcloudportal.tlog\rc.read.1.tlog
d:\git\webexe_exe_source\txcloudportal\build\immediate\debug\txcloudportal\txcloudportal.tlog\rc.write.1.tlog
