  Moc'ing UI\MainDialog.h...
  Moc'ing UI\CreateRoom.h...
  Moc'ing UI\RoomItemView.h...
  Moc'ing UI\DialogMessage.h...
  Moc'ing Education\LiveRoomList.h...
  Moc'ing CourtCS\RTCRoomList.h...
  Moc'ing CSLive\CSLiveSetting.h...
  Rcc'ing Resources\Porttal(Qt).qrc...
  Uic'ing Education\LiveRoomList.ui...
  Uic'ing CourtCS\RTCRoomList.ui...
  Uic'ing CSLive\CSLiveSetting.ui...
  Uic'ing UI\DialogMessage.ui...
C:\Users\windo\source\repos\WenTao-Love\webexe_exe_source\TXCloudPortal\UI\DialogMessage.ui : warning : Z-order assignment: '' is not a valid widget.
C:\Users\windo\source\repos\WenTao-Love\webexe_exe_source\TXCloudPortal\UI\DialogMessage.ui : warning : Z-order assignment: 'verticalSpacer' is not a valid widget.
  Uic'ing UI\RoomItemView.ui...
  Uic'ing UI\CreateRoom.ui...
  Uic'ing UI\MainDialog.ui...
  Application.cpp
  crashdump.cpp
C:\Program Files (x86)\Windows Kits\8.1\Include\um\Dbghelp.h(1544): warning C4091: “typedef ”: 没有声明变量时忽略“”的左侧
C:\Program Files (x86)\Windows Kits\8.1\Include\um\Dbghelp.h(3190): warning C4091: “typedef ”: 没有声明变量时忽略“”的左侧
  HttpClient.cpp
  HttpRequest.cpp
  log.cpp
  TaskQueue.cpp
  RTCRoomList.cpp
  CSLiveSetting.cpp
  LiveRoomList.cpp
  moc_CreateRoom.cpp
  moc_CSLiveSetting.cpp
  moc_DialogMessage.cpp
  moc_LiveRoomList.cpp
  moc_MainDialog.cpp
  moc_RoomItemView.cpp
  moc_RTCRoomList.cpp
  main.cpp
C:\Program Files (x86)\Windows Kits\8.1\Include\um\Dbghelp.h(1544): warning C4091: “typedef ”: 没有声明变量时忽略“”的左侧
C:\Program Files (x86)\Windows Kits\8.1\Include\um\Dbghelp.h(3190): warning C4091: “typedef ”: 没有声明变量时忽略“”的左侧
  jsoncpp.cpp
  CreateRoom.cpp
  DialogMessage.cpp
  正在生成代码...
  正在编译...
  MainDialog.cpp
  RoomItemView.cpp
  正在生成代码...
  qrc_Porttal(Qt).cpp
  TXCloudPortal.vcxproj -> C:\Users\windo\source\repos\WenTao-Love\webexe_exe_source\TXCloudPortal\Build\Bin\Debug\TXCloudPortal.exe
  TXCloudPortal.vcxproj -> C:\Users\windo\source\repos\WenTao-Love\webexe_exe_source\TXCloudPortal\Build\Bin\Debug\TXCloudPortal.pdb (Full PDB)
  C:\Users\windo\source\repos\WenTao-Love\webexe_exe_source\TXCloudPortal\thirdparty\msvc\Debug\msvcp140d.dll
  C:\Users\windo\source\repos\WenTao-Love\webexe_exe_source\TXCloudPortal\thirdparty\msvc\Debug\vcruntime140d.dll
  已复制         2 个文件。
